<?xml version="1.0" encoding="UTF-8" ?>
<testsuite errors="0" failures="0" hostname="selina-Latitude-E6440" name="com.flatironschool.javacs.WikiSearchTest" skipped="0" tests="4" time="0.211" timestamp="2016-08-09T18:14:42">
  <properties>
[...]
</properties>
  <testcase classname="com.flatironschool.javacs.WikiSearchTest" name="testAnd" time="0.002" />
  <testcase classname="com.flatironschool.javacs.WikiSearchTest" name="testMinus" time="0.0" />
  <testcase classname="com.flatironschool.javacs.WikiSearchTest" name="testSort" time="0.0" />
  <testcase classname="com.flatironschool.javacs.WikiSearchTest" name="testOr" time="0.0" />
  <system-out><![CDATA[]]></system-out>
  <system-err><![CDATA[]]></system-err>
</testsuite>
